[2025-09-11 14:10:31] local.ERROR: Error (ID: 26): SQLSTATE[23000]: Integrity constraint violation: 1062 Duplicate entry 'JVS-11-1-1' for key 'erp_vouchers.unique_voucher_org_group' (Connection: mysql, SQL: insert into `erp_vouchers` (`voucher_no`, `voucher_name`, `book_id`, `currency_id`, `currency_code`, `org_currency_id`, `org_currency_code`, `org_currency_exg_rate`, `comp_currency_id`, `comp_currency_code`, `comp_currency_exg_rate`, `group_currency_id`, `group_currency_code`, `group_currency_exg_rate`, `date`, `document_date`, `amount`, `remarks`, `organization_id`, `group_id`, `company_id`, `location`, `revision_number`, `doc_no`, `doc_number_type`, `doc_reset_pattern`, `doc_prefix`, `doc_suffix`, `approvalStatus`, `approvalLevel`, `created_by`, `voucherable_id`, `voucherable_type`, `document_status`, `approval_level`, `updated_at`, `created_at`) values (JVS-11, JVS, 134, 4, ?, ?, ?, ?, ?, ?, ?, ?, ?, ?, 2025-09-11 00:00:00, 2025-09-11 00:00:00, 0.00, , 1, 1, 1, 1, 0, 11, Auto, Never, JVS, ?, pending, 1, 2, 2, App\Models\AuthUser, pending, 1, 2025-09-11 14:10:31, 2025-09-11 14:10:31))  
[2025-09-11 14:10:31] local.ERROR: Furbook transfer failed (ID: 26): SQLSTATE[23000]: Integrity constraint violation: 1062 Duplicate entry 'JVS-11-1-1' for key 'erp_vouchers.unique_voucher_org_group' (Connection: mysql, SQL: insert into `erp_vouchers` (`voucher_no`, `voucher_name`, `book_id`, `currency_id`, `currency_code`, `org_currency_id`, `org_currency_code`, `org_currency_exg_rate`, `comp_currency_id`, `comp_currency_code`, `comp_currency_exg_rate`, `group_currency_id`, `group_currency_code`, `group_currency_exg_rate`, `date`, `document_date`, `amount`, `remarks`, `organization_id`, `group_id`, `company_id`, `location`, `revision_number`, `doc_no`, `doc_number_type`, `doc_reset_pattern`, `doc_prefix`, `doc_suffix`, `approvalStatus`, `approvalLevel`, `created_by`, `voucherable_id`, `voucherable_type`, `document_status`, `approval_level`, `updated_at`, `created_at`) values (JVS-11, JVS, 134, 4, ?, ?, ?, ?, ?, ?, ?, ?, ?, ?, 2025-09-11 00:00:00, 2025-09-11 00:00:00, 0.00, , 1, 1, 1, 1, 0, 11, Auto, Never, JVS, ?, pending, 1, 2, 2, App\Models\AuthUser, pending, 1, 2025-09-11 14:10:31, 2025-09-11 14:10:31))  
[2025-09-11 14:32:06] local.INFO: Authenticated user: {"id":1,"type":"employee","full_user":{"P360\\Core\\Models\\Employee":{"id":1,"group_id":null,"organization_id":8,"company_id":null,"employee_code":"CODE-001","name":"Employee One one","email":"saurabhchhabra018@gmail.com","mobile":"9968302318","status":"active","profile_image":null,"authenticable_type":"employee","auth_user_id":1,"db_name":null}}} 
[2025-09-11 14:32:06] local.INFO: Cookies for Financial Year: {"startDate":"2025-09-11","endDate":"2025-09-11"} 
[2025-09-11 14:32:06] local.INFO: Financial Year from Helper: {"alias":"FY24","id":1,"start_date":"2025-04-01","end_date":"2026-03-31","lock_fy":0,"fy_close":false,"range":"2025-26","authorized":true} 
[2025-09-11 14:32:06] local.INFO: Fetched months:  
[2025-09-11 14:32:06] local.INFO: Final month result:  
[2025-09-11 14:32:20] local.INFO: Authenticated user: {"id":1,"type":"employee","full_user":{"P360\\Core\\Models\\Employee":{"id":1,"group_id":null,"organization_id":8,"company_id":null,"employee_code":"CODE-001","name":"Employee One one","email":"saurabhchhabra018@gmail.com","mobile":"9968302318","status":"active","profile_image":null,"authenticable_type":"employee","auth_user_id":1,"db_name":null}}} 
[2025-09-11 14:32:20] local.INFO: Cookies for Financial Year: {"startDate":"2025-09-11","endDate":"2025-09-11"} 
[2025-09-11 14:32:20] local.INFO: Financial Year from Helper: {"alias":"FY24","id":1,"start_date":"2025-04-01","end_date":"2026-03-31","lock_fy":0,"fy_close":false,"range":"2025-26","authorized":true} 
[2025-09-11 14:32:20] local.INFO: Fetched months:  
[2025-09-11 14:32:20] local.INFO: Final month result:  
[2025-09-11 14:43:06] local.ERROR: Error (ID: 27): Undefined variable $request  
[2025-09-11 14:43:06] local.ERROR: Furbook transfer failed (ID: 27): Undefined variable $request  
[2025-09-11 14:43:06] local.ERROR: Error (ID: 28): Undefined variable $request  
[2025-09-11 14:43:06] local.ERROR: Furbook transfer failed (ID: 28): Undefined variable $request  
[2025-09-11 14:44:24] local.ERROR: Error (ID: 29): Undefined variable $book  
[2025-09-11 14:44:24] local.ERROR: Furbook transfer failed (ID: 29): Undefined variable $book  
[2025-09-11 14:44:24] local.ERROR: Error (ID: 30): Undefined variable $book  
[2025-09-11 14:44:24] local.ERROR: Furbook transfer failed (ID: 30): Undefined variable $book  
[2025-09-12 05:02:26] local.ERROR: Class "Pusher\Pusher" not found {"exception":"[object] (Error(code: 0): Class \"Pusher\\Pusher\" not found at /var/www/html/omega_presecen360/vendor/laravel/framework/src/Illuminate/Broadcasting/BroadcastManager.php:306)
[stacktrace]
#0 /var/www/html/omega_presecen360/vendor/laravel/framework/src/Illuminate/Broadcasting/BroadcastManager.php(295): Illuminate\\Broadcasting\\BroadcastManager->pusher()
#1 /var/www/html/omega_presecen360/vendor/laravel/framework/src/Illuminate/Broadcasting/BroadcastManager.php(262): Illuminate\\Broadcasting\\BroadcastManager->createPusherDriver()
#2 /var/www/html/omega_presecen360/vendor/laravel/framework/src/Illuminate/Broadcasting/BroadcastManager.php(233): Illuminate\\Broadcasting\\BroadcastManager->resolve()
#3 /var/www/html/omega_presecen360/vendor/laravel/framework/src/Illuminate/Broadcasting/BroadcastManager.php(222): Illuminate\\Broadcasting\\BroadcastManager->get()
#4 /var/www/html/omega_presecen360/vendor/laravel/framework/src/Illuminate/Broadcasting/BroadcastManager.php(490): Illuminate\\Broadcasting\\BroadcastManager->driver()
#5 /var/www/html/omega_presecen360/vendor/laravel/framework/src/Illuminate/Support/Facades/Facade.php(355): Illuminate\\Broadcasting\\BroadcastManager->__call()
#6 /var/www/html/omega_presecen360/routes/channels.php(21): Illuminate\\Support\\Facades\\Facade::__callStatic()
#7 /var/www/html/omega_presecen360/app/Providers/BroadcastServiceProvider.php(17): require('...')
#8 /var/www/html/omega_presecen360/vendor/laravel/framework/src/Illuminate/Container/BoundMethod.php(36): App\\Providers\\BroadcastServiceProvider->boot()
#9 /var/www/html/omega_presecen360/vendor/laravel/framework/src/Illuminate/Container/Util.php(41): Illuminate\\Container\\BoundMethod::Illuminate\\Container\\{closure}()
#10 /var/www/html/omega_presecen360/vendor/laravel/framework/src/Illuminate/Container/BoundMethod.php(93): Illuminate\\Container\\Util::unwrapIfClosure()
#11 /var/www/html/omega_presecen360/vendor/laravel/framework/src/Illuminate/Container/BoundMethod.php(35): Illuminate\\Container\\BoundMethod::callBoundMethod()
#12 /var/www/html/omega_presecen360/vendor/laravel/framework/src/Illuminate/Container/Container.php(662): Illuminate\\Container\\BoundMethod::call()
#13 /var/www/html/omega_presecen360/vendor/laravel/framework/src/Illuminate/Foundation/Application.php(1059): Illuminate\\Container\\Container->call()
#14 /var/www/html/omega_presecen360/vendor/laravel/framework/src/Illuminate/Foundation/Application.php(1040): Illuminate\\Foundation\\Application->bootProvider()
#15 [internal function]: Illuminate\\Foundation\\Application->Illuminate\\Foundation\\{closure}()
#16 /var/www/html/omega_presecen360/vendor/laravel/framework/src/Illuminate/Foundation/Application.php(1039): array_walk()
#17 /var/www/html/omega_presecen360/vendor/laravel/framework/src/Illuminate/Foundation/Bootstrap/BootProviders.php(17): Illuminate\\Foundation\\Application->boot()
#18 /var/www/html/omega_presecen360/vendor/laravel/framework/src/Illuminate/Foundation/Application.php(286): Illuminate\\Foundation\\Bootstrap\\BootProviders->bootstrap()
#19 /var/www/html/omega_presecen360/vendor/laravel/framework/src/Illuminate/Foundation/Http/Kernel.php(186): Illuminate\\Foundation\\Application->bootstrapWith()
#20 /var/www/html/omega_presecen360/vendor/laravel/framework/src/Illuminate/Foundation/Http/Kernel.php(170): Illuminate\\Foundation\\Http\\Kernel->bootstrap()
#21 /var/www/html/omega_presecen360/vendor/laravel/framework/src/Illuminate/Foundation/Http/Kernel.php(144): Illuminate\\Foundation\\Http\\Kernel->sendRequestThroughRouter()
#22 /var/www/html/omega_presecen360/public/index.php(51): Illuminate\\Foundation\\Http\\Kernel->handle()
#23 {main}
"} 
